c:\users\mario\desktop\taller_4_cuda\taller4\x64\debug\calc_pi.cu.obj
c:\users\mario\desktop\taller_4_cuda\taller4\x64\debug\kernel.cu.obj
c:\users\mario\desktop\taller_4_cuda\taller4\x64\debug\multmat.cu.obj
c:\users\mario\desktop\taller_4_cuda\x64\debug\taller4.lib
c:\users\mario\desktop\taller_4_cuda\x64\debug\taller4.exp
c:\users\mario\desktop\taller_4_cuda\taller4\x64\debug\calc_pi.cu.cache
c:\users\mario\desktop\taller_4_cuda\taller4\x64\debug\kernel.cu.cache
c:\users\mario\desktop\taller_4_cuda\taller4\x64\debug\multmat.cu.cache
c:\users\mario\desktop\taller_4_cuda\taller4\x64\debug\vc143.pdb
c:\users\mario\desktop\taller_4_cuda\x64\debug\taller4.pdb
c:\users\mario\desktop\taller_4_cuda\taller4\x64\debug\taller4.tlog\cudacompile.read.1u.tlog
c:\users\mario\desktop\taller_4_cuda\taller4\x64\debug\taller4.tlog\cudacompile.write.1u.tlog
c:\users\mario\desktop\taller_4_cuda\taller4\x64\debug\taller4.tlog\link-cvtres.read.1.tlog
c:\users\mario\desktop\taller_4_cuda\taller4\x64\debug\taller4.tlog\link-cvtres.write.1.tlog
c:\users\mario\desktop\taller_4_cuda\taller4\x64\debug\taller4.tlog\link-rc.read.1.tlog
c:\users\mario\desktop\taller_4_cuda\taller4\x64\debug\taller4.tlog\link-rc.write.1.tlog
c:\users\mario\desktop\taller_4_cuda\taller4\x64\debug\taller4.tlog\link.11328-cvtres.read.1.tlog
c:\users\mario\desktop\taller_4_cuda\taller4\x64\debug\taller4.tlog\link.11328-cvtres.write.1.tlog
c:\users\mario\desktop\taller_4_cuda\taller4\x64\debug\taller4.tlog\link.11328-rc.read.1.tlog
c:\users\mario\desktop\taller_4_cuda\taller4\x64\debug\taller4.tlog\link.11328-rc.write.1.tlog
c:\users\mario\desktop\taller_4_cuda\taller4\x64\debug\taller4.tlog\link.11328.read.1.tlog
c:\users\mario\desktop\taller_4_cuda\taller4\x64\debug\taller4.tlog\link.11328.read.2.tlog
c:\users\mario\desktop\taller_4_cuda\taller4\x64\debug\taller4.tlog\link.11328.write.1.tlog
c:\users\mario\desktop\taller_4_cuda\taller4\x64\debug\taller4.tlog\link.command.1.tlog
c:\users\mario\desktop\taller_4_cuda\taller4\x64\debug\taller4.tlog\link.read.1.tlog
c:\users\mario\desktop\taller_4_cuda\taller4\x64\debug\taller4.tlog\link.read.2.tlog
c:\users\mario\desktop\taller_4_cuda\taller4\x64\debug\taller4.tlog\link.write.1.tlog
c:\users\mario\desktop\taller_4_cuda\taller4\x64\debug\taller4.tlog\link.write.2u.tlog
